C:\Program Files (x86)\Microsoft Visual Studio\2019\Community\MSBuild\Microsoft\VC\v160\Microsoft.CppBuild.targets(498,5): warning MSB8004: Intermediate 目錄結尾不是結尾斜線。這個建置執行個體將會加入此斜線，因為這樣才能正確評估 Intermediate 目錄。
C:\Program Files (x86)\Microsoft Visual Studio\2019\Community\MSBuild\Microsoft\VC\v160\Microsoft.CppBuild.targets(499,5): warning MSB8004: Output 目錄結尾不是結尾斜線。這個建置執行個體將會加入此斜線，因為這樣才能正確評估 Output 目錄。
  pch.cpp
  Modules.cpp
  Present.cpp
  WndProc.cpp
  hooks.cpp
  libmem.cpp
  Memory Pattern Scanner.cpp
  Patcher.cpp
  Pattern Scanner.cpp
  base.cpp
  main.cpp
  imgui.cpp
  imgui_demo.cpp
  imgui_draw.cpp
  imgui_impl_dx11.cpp
  imgui_impl_win32.cpp
  imgui_tables.cpp
  imgui_widgets.cpp
  正在產生程式碼
  404 of 1481 functions (27.3%) were compiled, the rest were copied from previous compilation.
    0 functions were new in current compilation
    85 functions had inline decision re-evaluated but remain unchanged
  已完成程式碼產生
  Genshin-Cheetos.vcxproj -> C:\Users\KillRED\Desktop\Genshin-Cheetos\dll_release\Genshin-Cheetos.dll
